android/app/build/intermediates/manifest_merge_blame_file/debug/manifest-merger-blame-debug-report.txt
1<?xml version="1.0" encoding="utf-8"?>
2<manifest xmlns:android="http://schemas.android.com/apk/res/android"
3    package="com.snuggmobile"
4    android:versionCode="1"
5    android:versionName="1.0" >
6
7    <uses-sdk
8        android:minSdkVersion="16"
9        android:targetSdkVersion="29" />
10
11    <uses-permission android:name="android.permission.SYSTEM_ALERT_WINDOW" />
11-->src/debug/AndroidManifest.xml:5:5-77
11-->src/debug/AndroidManifest.xml:5:22-75
12    <uses-permission android:name="android.permission.ACCESS_BACKGROUND_LOCATION" />
12-->src/main/AndroidManifest.xml:4:5-85
12-->src/main/AndroidManifest.xml:4:22-82
13    <uses-permission android:name="android.permission.ACCESS_COARSE_LOCATION" />
13-->src/main/AndroidManifest.xml:5:5-81
13-->src/main/AndroidManifest.xml:5:22-78
14    <uses-permission android:name="android.permission.ACCESS_FINE_LOCATION" />
14-->src/main/AndroidManifest.xml:6:5-79
14-->src/main/AndroidManifest.xml:6:22-76
15    <uses-permission android:name="android.permission.CAMERA" />
15-->src/main/AndroidManifest.xml:7:5-65
15-->src/main/AndroidManifest.xml:7:22-62
16    <uses-permission android:name="android.permission.CALL_PHONE" />
16-->src/main/AndroidManifest.xml:8:5-69
16-->src/main/AndroidManifest.xml:8:22-66
17    <uses-permission android:name="android.permission.INTERNET" />
17-->src/main/AndroidManifest.xml:9:5-67
17-->src/main/AndroidManifest.xml:9:22-64
18    <uses-permission android:name="android.permission.ACCESS_WIFI_STATE" />
18-->[com.facebook.flipper:flipper:0.37.0] AndroidManifest.xml:16:5-76
18-->[com.facebook.flipper:flipper:0.37.0] AndroidManifest.xml:16:22-73
19    <uses-permission android:name="android.permission.WRITE_EXTERNAL_STORAGE" />
19-->[:react-native-rectangle-scanner] AndroidManifest.xml:13:5-81
19-->[:react-native-rectangle-scanner] AndroidManifest.xml:13:22-78
20    <uses-permission android:name="android.permission.FLASHLIGHT" />
20-->[:react-native-rectangle-scanner] AndroidManifest.xml:14:5-69
20-->[:react-native-rectangle-scanner] AndroidManifest.xml:14:22-66
21
22    <uses-feature android:name="android.hardware.camera" />
22-->[:react-native-rectangle-scanner] AndroidManifest.xml:16:5-60
22-->[:react-native-rectangle-scanner] AndroidManifest.xml:16:19-57
23    <uses-feature android:name="android.hardware.camera.autofocus" />
23-->[:react-native-rectangle-scanner] AndroidManifest.xml:17:5-70
23-->[:react-native-rectangle-scanner] AndroidManifest.xml:17:19-67
24
25    <application
25-->src/main/AndroidManifest.xml:11:5-30:19
26        android:name="com.snuggmobile.MainApplication"
26-->src/main/AndroidManifest.xml:12:7-38
27        android:allowBackup="false"
27-->src/main/AndroidManifest.xml:16:7-34
28        android:appComponentFactory="androidx.core.app.CoreComponentFactory"
28-->[androidx.core:core:1.1.0] AndroidManifest.xml:24:18-86
29        android:debuggable="true"
30        android:icon="@mipmap/ic_launcher"
30-->src/main/AndroidManifest.xml:14:7-41
31        android:label="@string/app_name"
31-->src/main/AndroidManifest.xml:13:7-39
32        android:roundIcon="@mipmap/ic_launcher_round"
32-->src/main/AndroidManifest.xml:15:7-52
33        android:theme="@style/AppTheme"
33-->src/main/AndroidManifest.xml:17:7-38
34        android:usesCleartextTraffic="true" >
34-->src/debug/AndroidManifest.xml:7:18-53
35        <activity
35-->src/main/AndroidManifest.xml:18:7-28:18
36            android:name="com.snuggmobile.MainActivity"
36-->src/main/AndroidManifest.xml:19:9-37
37            android:configChanges="keyboard|keyboardHidden|orientation|screenSize|uiMode"
37-->src/main/AndroidManifest.xml:21:9-86
38            android:label="@string/app_name"
38-->src/main/AndroidManifest.xml:20:9-41
39            android:launchMode="singleTask"
39-->src/main/AndroidManifest.xml:22:9-40
40            android:windowSoftInputMode="adjustResize" >
40-->src/main/AndroidManifest.xml:23:9-51
41            <intent-filter>
41-->src/main/AndroidManifest.xml:24:9-27:25
42                <action android:name="android.intent.action.MAIN" />
42-->src/main/AndroidManifest.xml:25:13-65
42-->src/main/AndroidManifest.xml:25:21-62
43
44                <category android:name="android.intent.category.LAUNCHER" />
44-->src/main/AndroidManifest.xml:26:13-73
44-->src/main/AndroidManifest.xml:26:23-70
45            </intent-filter>
46        </activity>
47        <activity android:name="com.facebook.react.devsupport.DevSettingsActivity" />
47-->src/main/AndroidManifest.xml:29:7-84
47-->src/main/AndroidManifest.xml:29:17-81
48    </application>
49
50</manifest>